# JRE version: OpenJDK Runtime Environment (17.0.6) (build 17.0.6+0-b2043.56-10027231)
# Java VM: OpenJDK 64-Bit Server VM (17.0.6+0-b2043.56-10027231, mixed mode, tiered, compressed oops, compressed class ptrs, g1 gc, windows-amd64)
GC Precious Log:
 CPUs: 16 total, 16 available
 Memory: 16151M
 Large Page Support: Disabled
 NUMA Support: Disabled
 Compressed Oops: Enabled (32-bit)
 Heap Region Size: 1M
 Heap Min Capacity: 8M
 Heap Initial Capacity: 254M
 Heap Max Capacity: 2G
 Pre-touch: Disabled
 Parallel Workers: 13
 Concurrent Workers: 3
 Concurrent Refinement Workers: 13
 Periodic GC: Disabled
Heap:
 garbage-first heap   total 319488K, used 183770K [0x0000000080000000, 0x0000000100000000)
  region size 1024K, 4 young (4096K), 4 survivors (4096K)
 Metaspace       used 118101K, committed 119104K, reserved 1155072K
  class space    used 15454K, committed 15936K, reserved 1048576K
GC Heap History (20 events):
Event: 17.879 GC heap after
{Heap after GC invocations=54 (full 0):
 garbage-first heap   total 237568K, used 142749K [0x0000000080000000, 0x0000000100000000)
  region size 1024K, 5 young (5120K), 5 survivors (5120K)
 Metaspace       used 98296K, committed 99008K, reserved 1138688K
  class space    used 13144K, committed 13504K, reserved 1048576K
}
Event: 18.387 GC heap before
{Heap before GC invocations=55 (full 0):
 garbage-first heap   total 247808K, used 191901K [0x0000000080000000, 0x0000000100000000)
  region size 1024K, 54 young (55296K), 5 survivors (5120K)
 Metaspace       used 100006K, committed 100736K, reserved 1138688K
  class space    used 13347K, committed 13696K, reserved 1048576K
}
Event: 18.393 GC heap after
{Heap after GC invocations=56 (full 0):
 garbage-first heap   total 297984K, used 146298K [0x0000000080000000, 0x0000000100000000)
  region size 1024K, 7 young (7168K), 7 survivors (7168K)
 Metaspace       used 100006K, committed 100736K, reserved 1138688K
  class space    used 13347K, committed 13696K, reserved 1048576K
}
Event: 18.440 GC heap before
{Heap before GC invocations=56 (full 0):
 garbage-first heap   total 297984K, used 152442K [0x0000000080000000, 0x0000000100000000)
  region size 1024K, 14 young (14336K), 7 survivors (7168K)
 Metaspace       used 100228K, committed 101056K, reserved 1138688K
  class space    used 13368K, committed 13760K, reserved 1048576K
}
Event: 18.446 GC heap after
{Heap after GC invocations=57 (full 0):
 garbage-first heap   total 297984K, used 146773K [0x0000000080000000, 0x0000000100000000)
  region size 1024K, 2 young (2048K), 2 survivors (2048K)
 Metaspace       used 100228K, committed 101056K, reserved 1138688K
  class space    used 13368K, committed 13760K, reserved 1048576K
}
Event: 19.921 GC heap before
{Heap before GC invocations=57 (full 0):
 garbage-first heap   total 297984K, used 243029K [0x0000000080000000, 0x0000000100000000)
  region size 1024K, 96 young (98304K), 2 survivors (2048K)
 Metaspace       used 107160K, committed 108032K, reserved 1146880K
  class space    used 14231K, committed 14656K, reserved 1048576K
}
Event: 19.927 GC heap after
{Heap after GC invocations=58 (full 0):
 garbage-first heap   total 297984K, used 151963K [0x0000000080000000, 0x0000000100000000)
  region size 1024K, 7 young (7168K), 7 survivors (7168K)
 Metaspace       used 107160K, committed 108032K, reserved 1146880K
  class space    used 14231K, committed 14656K, reserved 1048576K
}
Event: 115.029 GC heap before
{Heap before GC invocations=59 (full 0):
 garbage-first heap   total 297984K, used 241051K [0x0000000080000000, 0x0000000100000000)
  region size 1024K, 95 young (97280K), 7 survivors (7168K)
 Metaspace       used 114006K, committed 114880K, reserved 1155072K
  class space    used 14970K, committed 15424K, reserved 1048576K
}
Event: 115.038 GC heap after
{Heap after GC invocations=60 (full 0):
 garbage-first heap   total 297984K, used 158429K [0x0000000080000000, 0x0000000100000000)
  region size 1024K, 12 young (12288K), 12 survivors (12288K)
 Metaspace       used 114006K, committed 114880K, reserved 1155072K
  class space    used 14970K, committed 15424K, reserved 1048576K
}
Event: 115.050 GC heap before
{Heap before GC invocations=60 (full 0):
 garbage-first heap   total 297984K, used 159453K [0x0000000080000000, 0x0000000100000000)
  region size 1024K, 14 young (14336K), 12 survivors (12288K)
 Metaspace       used 114117K, committed 115072K, reserved 1155072K
  class space    used 14991K, committed 15424K, reserved 1048576K
}
Event: 115.056 GC heap after
{Heap after GC invocations=61 (full 0):
 garbage-first heap   total 297984K, used 159589K [0x0000000080000000, 0x0000000100000000)
  region size 1024K, 2 young (2048K), 2 survivors (2048K)
 Metaspace       used 114117K, committed 115072K, reserved 1155072K
  class space    used 14991K, committed 15424K, reserved 1048576K
}
Event: 115.840 GC heap before
{Heap before GC invocations=61 (full 0):
 garbage-first heap   total 297984K, used 245605K [0x0000000080000000, 0x0000000100000000)
  region size 1024K, 86 young (88064K), 2 survivors (2048K)
 Metaspace       used 116047K, committed 116992K, reserved 1155072K
  class space    used 15205K, committed 15680K, reserved 1048576K
}
Event: 115.849 GC heap after
{Heap after GC invocations=62 (full 0):
 garbage-first heap   total 297984K, used 172024K [0x0000000080000000, 0x0000000100000000)
  region size 1024K, 11 young (11264K), 11 survivors (11264K)
 Metaspace       used 116047K, committed 116992K, reserved 1155072K
  class space    used 15205K, committed 15680K, reserved 1048576K
}
Event: 116.502 GC heap before
{Heap before GC invocations=62 (full 0):
 garbage-first heap   total 297984K, used 243704K [0x0000000080000000, 0x0000000100000000)
  region size 1024K, 82 young (83968K), 11 survivors (11264K)
 Metaspace       used 116954K, committed 117888K, reserved 1155072K
  class space    used 15358K, committed 15808K, reserved 1048576K
}
Event: 116.513 GC heap after
{Heap after GC invocations=63 (full 0):
 garbage-first heap   total 297984K, used 179023K [0x0000000080000000, 0x0000000100000000)
  region size 1024K, 7 young (7168K), 7 survivors (7168K)
 Metaspace       used 116954K, committed 117888K, reserved 1155072K
  class space    used 15358K, committed 15808K, reserved 1048576K
}
Event: 116.911 GC heap before
{Heap before GC invocations=64 (full 0):
 garbage-first heap   total 319488K, used 245583K [0x0000000080000000, 0x0000000100000000)
  region size 1024K, 73 young (74752K), 7 survivors (7168K)
 Metaspace       used 117373K, committed 118336K, reserved 1155072K
  class space    used 15410K, committed 15872K, reserved 1048576K
}
Event: 116.918 GC heap after
{Heap after GC invocations=65 (full 0):
 garbage-first heap   total 319488K, used 183205K [0x0000000080000000, 0x0000000100000000)
  region size 1024K, 5 young (5120K), 5 survivors (5120K)
 Metaspace       used 117373K, committed 118336K, reserved 1155072K
  class space    used 15410K, committed 15872K, reserved 1048576K
}
Event: 116.976 GC heap before
{Heap before GC invocations=65 (full 0):
 garbage-first heap   total 319488K, used 192421K [0x0000000080000000, 0x0000000100000000)
  region size 1024K, 15 young (15360K), 5 survivors (5120K)
 Metaspace       used 117400K, committed 118336K, reserved 1155072K
  class space    used 15411K, committed 15872K, reserved 1048576K
}
Event: 116.983 GC heap after
{Heap after GC invocations=66 (full 0):
 garbage-first heap   total 319488K, used 181181K [0x0000000080000000, 0x0000000100000000)
  region size 1024K, 1 young (1024K), 1 survivors (1024K)
 Metaspace       used 117400K, committed 118336K, reserved 1155072K
  class space    used 15411K, committed 15872K, reserved 1048576K
}
Event: 1432.198 GC heap before
{Heap before GC invocations=66 (full 0):
 garbage-first heap   total 319488K, used 264125K [0x0000000080000000, 0x0000000100000000)
  region size 1024K, 83 young (84992K), 1 survivors (1024K)
 Metaspace       used 118101K, committed 119104K, reserved 1155072K
  class space    used 15454K, committed 15936K, reserved 1048576K
}

